Flow report for DE0_NANO
Wed Mar 30 00:56:32 2016
Quartus II 64-Bit Version 15.0.0 Build 145 04/22/2015 SJ Web Edition


---------------------
; Table of Contents ;
---------------------
  1. Legal Notice
  2. Flow Summary
  3. Flow Settings
  4. Flow Non-Default Global Settings
  5. Flow Elapsed Time
  6. Flow OS Summary
  7. Flow Log
  8. Flow Messages
  9. Flow Suppressed Messages



----------------
; Legal Notice ;
----------------
Copyright (C) 1991-2015 Altera Corporation. All rights reserved.
Your use of Altera Corporation's design tools, logic functions 
and other software and tools, and its AMPP partner logic 
functions, and any output files from any of the foregoing 
(including device programming or simulation files), and any 
associated documentation or information are expressly subject 
to the terms and conditions of the Altera Program License 
Subscription Agreement, the Altera Quartus II License Agreement,
the Altera MegaCore Function License Agreement, or other 
applicable license agreement, including, without limitation, 
that your use is for the sole purpose of programming logic 
devices manufactured by Altera and sold by Altera or its 
authorized distributors.  Please refer to the applicable 
agreement for further details.



+---------------------------------------------------------------------------------+
; Flow Summary                                                                    ;
+------------------------------------+--------------------------------------------+
; Flow Status                        ; Successful - Wed Mar 30 00:55:50 2016      ;
; Quartus II 64-Bit Version          ; 15.0.0 Build 145 04/22/2015 SJ Web Edition ;
; Revision Name                      ; DE0_NANO                                   ;
; Top-level Entity Name              ; DE0_NANO                                   ;
; Family                             ; Cyclone IV E                               ;
; Device                             ; EP4CE22F17C6                               ;
; Timing Models                      ; Final                                      ;
; Total logic elements               ; 12,365 / 22,320 ( 55 % )                   ;
;     Total combinational functions  ; 11,843 / 22,320 ( 53 % )                   ;
;     Dedicated logic registers      ; 5,600 / 22,320 ( 25 % )                    ;
; Total registers                    ; 5600                                       ;
; Total pins                         ; 148 / 154 ( 96 % )                         ;
; Total virtual pins                 ; 0                                          ;
; Total memory bits                  ; 179,520 / 608,256 ( 30 % )                 ;
; Embedded Multiplier 9-bit elements ; 0 / 132 ( 0 % )                            ;
; Total PLLs                         ; 2 / 4 ( 50 % )                             ;
+------------------------------------+--------------------------------------------+


+-----------------------------------------+
; Flow Settings                           ;
+-------------------+---------------------+
; Option            ; Setting             ;
+-------------------+---------------------+
; Start date & time ; 03/30/2016 00:47:49 ;
; Main task         ; Compilation         ;
; Revision Name     ; DE0_NANO            ;
+-------------------+---------------------+


+--------------------------------------------------------------------------------------------------------------------------------------------------+
; Flow Non-Default Global Settings                                                                                                                 ;
+--------------------------------------+------------------------------------------------------------+---------------+-------------+----------------+
; Assignment Name                      ; Value                                                      ; Default Value ; Entity Name ; Section Id     ;
+--------------------------------------+------------------------------------------------------------+---------------+-------------+----------------+
; COMPILER_SIGNATURE_ID                ; 101789156953146.145929166809568                            ; --            ; --          ; --             ;
; EDA_DESIGN_INSTANCE_NAME             ; dut                                                        ; --            ; --          ; testbench1     ;
; EDA_NATIVELINK_SIMULATION_TEST_BENCH ; testbench1                                                 ; --            ; --          ; eda_simulation ;
; EDA_OUTPUT_DATA_FORMAT               ; None                                                       ; --            ; --          ; eda_simulation ;
; EDA_TEST_BENCH_ENABLE_STATUS         ; TEST_BENCH_MODE                                            ; --            ; --          ; eda_simulation ;
; EDA_TEST_BENCH_FILE                  ; lineCUBE_testbench.sv                                      ; --            ; --          ; testbench1     ;
; EDA_TEST_BENCH_MODULE_NAME           ; lineCUBE_testbench                                         ; --            ; --          ; testbench1     ;
; EDA_TEST_BENCH_NAME                  ; testbench1                                                 ; --            ; --          ; eda_simulation ;
; EDA_TEST_BENCH_RUN_SIM_FOR           ; 100 us                                                     ; --            ; --          ; testbench1     ;
; ENABLE_SIGNALTAP                     ; On                                                         ; --            ; --          ; --             ;
; MAX_CORE_JUNCTION_TEMP               ; 85                                                         ; --            ; --          ; --             ;
; MIN_CORE_JUNCTION_TEMP               ; 0                                                          ; --            ; --          ; --             ;
; MISC_FILE                            ; nios_mtl/synthesis/../nios_mtl.cmp                         ; --            ; --          ; --             ;
; MISC_FILE                            ; nios_mtl/synthesis/../../nios_mtl.qsys                     ; --            ; --          ; --             ;
; MISC_FILE                            ; sdram_control/Sdram_WR_FIFO_inst.v                         ; --            ; --          ; --             ;
; MISC_FILE                            ; sdram_control/Sdram_WR_FIFO_bb.v                           ; --            ; --          ; --             ;
; MISC_FILE                            ; sdram_control/Sdram_RD_FIFO_inst.v                         ; --            ; --          ; --             ;
; MISC_FILE                            ; sdram_control/Sdram_RD_FIFO_bb.v                           ; --            ; --          ; --             ;
; MISC_FILE                            ; MTL_PLL_inst.v                                             ; --            ; --          ; --             ;
; MISC_FILE                            ; MTL_PLL_bb.v                                               ; --            ; --          ; --             ;
; MISC_FILE                            ; MTL_PLL.ppf                                                ; --            ; --          ; --             ;
; MISC_FILE                            ; RAM_PLL_inst.v                                             ; --            ; --          ; --             ;
; MISC_FILE                            ; RAM_PLL_bb.v                                               ; --            ; --          ; --             ;
; MISC_FILE                            ; RAM_PLL.ppf                                                ; --            ; --          ; --             ;
; MISC_FILE                            ; Loading_ROM_inst.v                                         ; --            ; --          ; --             ;
; MISC_FILE                            ; Loading_ROM_bb.v                                           ; --            ; --          ; --             ;
; PARTITION_COLOR                      ; 16764057                                                   ; --            ; --          ; Top            ;
; PARTITION_FITTER_PRESERVATION_LEVEL  ; PLACEMENT_AND_ROUTING                                      ; --            ; --          ; Top            ;
; PARTITION_NETLIST_TYPE               ; SOURCE                                                     ; --            ; --          ; Top            ;
; POWER_BOARD_THERMAL_MODEL            ; None (CONSERVATIVE)                                        ; --            ; --          ; --             ;
; POWER_PRESET_COOLING_SOLUTION        ; 23 MM HEAT SINK WITH 200 LFPM AIRFLOW                      ; --            ; --          ; --             ;
; SLD_FILE                             ; nios_mtl/synthesis/nios_mtl.regmap                         ; --            ; --          ; --             ;
; SLD_FILE                             ; nios_mtl/synthesis/nios_mtl.debuginfo                      ; --            ; --          ; --             ;
; SLD_INFO                             ; QSYS_NAME nios_mtl HAS_SOPCINFO 1 GENERATION_ID 1459291431 ; --            ; nios_mtl    ; --             ;
; SOPCINFO_FILE                        ; nios_mtl/synthesis/../../nios_mtl.sopcinfo                 ; --            ; --          ; --             ;
; SYNTHESIS_ONLY_QIP                   ; On                                                         ; --            ; --          ; --             ;
; USE_SIGNALTAP_FILE                   ; stp_MTL_ports.stp                                          ; --            ; --          ; --             ;
+--------------------------------------+------------------------------------------------------------+---------------+-------------+----------------+


+-------------------------------------------------------------------------------------------------------------------------------+
; Flow Elapsed Time                                                                                                             ;
+---------------------------+--------------+-------------------------+---------------------+------------------------------------+
; Module Name               ; Elapsed Time ; Average Processors Used ; Peak Virtual Memory ; Total CPU Time (on all processors) ;
+---------------------------+--------------+-------------------------+---------------------+------------------------------------+
; Analysis & Synthesis      ; 00:03:41     ; 1.0                     ; 945 MB              ; 00:04:46                           ;
; Fitter                    ; 00:03:41     ; 2.0                     ; 1595 MB             ; 00:05:48                           ;
; Assembler                 ; 00:00:09     ; 1.0                     ; 682 MB              ; 00:00:08                           ;
; TimeQuest Timing Analyzer ; 00:00:35     ; 1.4                     ; 910 MB              ; 00:00:38                           ;
; Total                     ; 00:08:06     ; --                      ; --                  ; 00:11:20                           ;
+---------------------------+--------------+-------------------------+---------------------+------------------------------------+


+----------------------------------------------------------------------------------------+
; Flow OS Summary                                                                        ;
+---------------------------+------------------+-----------+------------+----------------+
; Module Name               ; Machine Hostname ; OS Name   ; OS Version ; Processor type ;
+---------------------------+------------------+-----------+------------+----------------+
; Analysis & Synthesis      ; tanankem         ; Windows 7 ; 6.2        ; x86_64         ;
; Fitter                    ; tanankem         ; Windows 7 ; 6.2        ; x86_64         ;
; Assembler                 ; tanankem         ; Windows 7 ; 6.2        ; x86_64         ;
; TimeQuest Timing Analyzer ; tanankem         ; Windows 7 ; 6.2        ; x86_64         ;
+---------------------------+------------------+-----------+------------+----------------+


------------
; Flow Log ;
------------
quartus_map --read_settings_files=on --write_settings_files=off DE0_NANO -c DE0_NANO
quartus_fit --read_settings_files=off --write_settings_files=off DE0_NANO -c DE0_NANO
quartus_asm --read_settings_files=off --write_settings_files=off DE0_NANO -c DE0_NANO
quartus_sta DE0_NANO -c DE0_NANO



