Flow report for DE0_Nano
Mon Feb 22 11:53:57 2016
Quartus II 64-Bit Version 15.0.0 Build 145 04/22/2015 SJ Web Edition


---------------------
; Table of Contents ;
---------------------
  1. Legal Notice
  2. Flow Summary
  3. Flow Settings
  4. Flow Non-Default Global Settings
  5. Flow Elapsed Time
  6. Flow OS Summary
  7. Flow Log
  8. Flow Messages
  9. Flow Suppressed Messages



----------------
; Legal Notice ;
----------------
Copyright (C) 1991-2015 Altera Corporation. All rights reserved.
Your use of Altera Corporation's design tools, logic functions 
and other software and tools, and its AMPP partner logic 
functions, and any output files from any of the foregoing 
(including device programming or simulation files), and any 
associated documentation or information are expressly subject 
to the terms and conditions of the Altera Program License 
Subscription Agreement, the Altera Quartus II License Agreement,
the Altera MegaCore Function License Agreement, or other 
applicable license agreement, including, without limitation, 
that your use is for the sole purpose of programming logic 
devices manufactured by Altera and sold by Altera or its 
authorized distributors.  Please refer to the applicable 
agreement for further details.



+---------------------------------------------------------------------------------+
; Flow Summary                                                                    ;
+------------------------------------+--------------------------------------------+
; Flow Status                        ; Successful - Mon Feb 22 11:53:43 2016      ;
; Quartus II 64-Bit Version          ; 15.0.0 Build 145 04/22/2015 SJ Web Edition ;
; Revision Name                      ; DE0_Nano                                   ;
; Top-level Entity Name              ; DE0_Nano                                   ;
; Family                             ; Cyclone IV E                               ;
; Device                             ; EP4CE22F17C6                               ;
; Timing Models                      ; Final                                      ;
; Total logic elements               ; 4,867 / 22,320 ( 22 % )                    ;
;     Total combinational functions  ; 4,159 / 22,320 ( 19 % )                    ;
;     Dedicated logic registers      ; 3,149 / 22,320 ( 14 % )                    ;
; Total registers                    ; 3218                                       ;
; Total pins                         ; 146 / 154 ( 95 % )                         ;
; Total virtual pins                 ; 0                                          ;
; Total memory bits                  ; 65,280 / 608,256 ( 11 % )                  ;
; Embedded Multiplier 9-bit elements ; 4 / 132 ( 3 % )                            ;
; Total PLLs                         ; 1 / 4 ( 25 % )                             ;
+------------------------------------+--------------------------------------------+


+-----------------------------------------+
; Flow Settings                           ;
+-------------------+---------------------+
; Option            ; Setting             ;
+-------------------+---------------------+
; Start date & time ; 02/22/2016 11:51:08 ;
; Main task         ; Compilation         ;
; Revision Name     ; DE0_Nano            ;
+-------------------+---------------------+


+----------------------------------------------------------------------------------------------------------------------------------------------------+
; Flow Non-Default Global Settings                                                                                                                   ;
+-------------------------------------+-----------------------------------------------------------------+---------------+---------------+------------+
; Assignment Name                     ; Value                                                           ; Default Value ; Entity Name   ; Section Id ;
+-------------------------------------+-----------------------------------------------------------------+---------------+---------------+------------+
; COMPILER_SIGNATURE_ID               ; 119236239085077.145613826808148                                 ; --            ; --            ; --         ;
; IGNORE_PARTITIONS                   ; On                                                              ; Off           ; --            ; --         ;
; MAX_CORE_JUNCTION_TEMP              ; 85                                                              ; --            ; --            ; --         ;
; MIN_CORE_JUNCTION_TEMP              ; 0                                                               ; --            ; --            ; --         ;
; MISC_FILE                           ; DE0_LT24_SOPC/synthesis/../DE0_LT24_SOPC.cmp                    ; --            ; --            ; --         ;
; MISC_FILE                           ; DE0_LT24_SOPC/synthesis/../../DE0_LT24_SOPC.qsys                ; --            ; --            ; --         ;
; OUTPUT_IO_TIMING_FAR_END_VMEAS      ; Half Signal Swing                                               ; --            ; --            ; --         ;
; OUTPUT_IO_TIMING_FAR_END_VMEAS      ; Half Signal Swing                                               ; --            ; --            ; --         ;
; OUTPUT_IO_TIMING_NEAR_END_VMEAS     ; Half Vccio                                                      ; --            ; --            ; --         ;
; OUTPUT_IO_TIMING_NEAR_END_VMEAS     ; Half Vccio                                                      ; --            ; --            ; --         ;
; PARTITION_COLOR                     ; 16764057                                                        ; --            ; --            ; Top        ;
; PARTITION_FITTER_PRESERVATION_LEVEL ; PLACEMENT_AND_ROUTING                                           ; --            ; --            ; Top        ;
; PARTITION_NETLIST_TYPE              ; SOURCE                                                          ; --            ; --            ; Top        ;
; SLD_FILE                            ; DE0_LT24_SOPC/synthesis/DE0_LT24_SOPC.regmap                    ; --            ; --            ; --         ;
; SLD_FILE                            ; DE0_LT24_SOPC/synthesis/DE0_LT24_SOPC.debuginfo                 ; --            ; --            ; --         ;
; SLD_INFO                            ; QSYS_NAME DE0_LT24_SOPC HAS_SOPCINFO 1 GENERATION_ID 1456138119 ; --            ; DE0_LT24_SOPC ; --         ;
; SOPCINFO_FILE                       ; DE0_LT24_SOPC/synthesis/../../DE0_LT24_SOPC.sopcinfo            ; --            ; --            ; --         ;
; SYNTHESIS_ONLY_QIP                  ; On                                                              ; --            ; --            ; --         ;
+-------------------------------------+-----------------------------------------------------------------+---------------+---------------+------------+


+-------------------------------------------------------------------------------------------------------------------------------+
; Flow Elapsed Time                                                                                                             ;
+---------------------------+--------------+-------------------------+---------------------+------------------------------------+
; Module Name               ; Elapsed Time ; Average Processors Used ; Peak Virtual Memory ; Total CPU Time (on all processors) ;
+---------------------------+--------------+-------------------------+---------------------+------------------------------------+
; Analysis & Synthesis      ; 00:01:20     ; 1.0                     ; 944 MB              ; 00:02:07                           ;
; Fitter                    ; 00:00:58     ; 1.3                     ; 1362 MB             ; 00:01:12                           ;
; Assembler                 ; 00:00:04     ; 1.0                     ; 655 MB              ; 00:00:03                           ;
; TimeQuest Timing Analyzer ; 00:00:11     ; 1.2                     ; 821 MB              ; 00:00:12                           ;
; Total                     ; 00:02:33     ; --                      ; --                  ; 00:03:34                           ;
+---------------------------+--------------+-------------------------+---------------------+------------------------------------+


+----------------------------------------------------------------------------------------+
; Flow OS Summary                                                                        ;
+---------------------------+------------------+-----------+------------+----------------+
; Module Name               ; Machine Hostname ; OS Name   ; OS Version ; Processor type ;
+---------------------------+------------------+-----------+------------+----------------+
; Analysis & Synthesis      ; Louis            ; Windows 7 ; 6.2        ; x86_64         ;
; Fitter                    ; Louis            ; Windows 7 ; 6.2        ; x86_64         ;
; Assembler                 ; Louis            ; Windows 7 ; 6.2        ; x86_64         ;
; TimeQuest Timing Analyzer ; Louis            ; Windows 7 ; 6.2        ; x86_64         ;
+---------------------------+------------------+-----------+------------+----------------+


------------
; Flow Log ;
------------
quartus_map --read_settings_files=on --write_settings_files=off DE0_Nano -c DE0_Nano
quartus_fit --read_settings_files=off --write_settings_files=off DE0_Nano -c DE0_Nano
quartus_asm --read_settings_files=off --write_settings_files=off DE0_Nano -c DE0_Nano
quartus_sta DE0_Nano -c DE0_Nano



